app/build/intermediates/manifest_merge_blame_file/release/manifest-merger-blame-release-report.txt
1<?xml version="1.0" encoding="utf-8"?>
2<manifest xmlns:android="http://schemas.android.com/apk/res/android"
3    package="com.example.proyectointegradoagg"
4    android:versionCode="1"
5    android:versionName="1.0" >
6
7    <uses-sdk
7-->src\main\AndroidManifest.xml:6:5-73
8        android:minSdkVersion="22"
8-->src\main\AndroidManifest.xml:6:5-73
9        android:targetSdkVersion="31" />
9-->src\main\AndroidManifest.xml:6:5-73
10
11    <uses-permission android:name="android.permission.READ_EXTERNAL_STORAGE" />
11-->src\main\AndroidManifest.xml:8:5-80
11-->src\main\AndroidManifest.xml:8:22-77
12
13    <!-- Include required permissions for Google Maps API to run. -->
14    <uses-permission android:name="android.permission.ACCESS_NETWORK_STATE" />
14-->[com.google.android.gms:play-services-maps:18.0.2] AndroidManifest.xml:23:5-79
14-->[com.google.android.gms:play-services-maps:18.0.2] AndroidManifest.xml:23:22-76
15    <uses-permission android:name="android.permission.INTERNET" />
15-->[com.google.android.gms:play-services-maps:18.0.2] AndroidManifest.xml:24:5-67
15-->[com.google.android.gms:play-services-maps:18.0.2] AndroidManifest.xml:24:22-64
16
17    <uses-feature
17-->[com.google.android.gms:play-services-maps:18.0.2] AndroidManifest.xml:26:5-28:35
18        android:glEsVersion="0x00020000"
18-->[com.google.android.gms:play-services-maps:18.0.2] AndroidManifest.xml:27:9-41
19        android:required="true" />
19-->[com.google.android.gms:play-services-maps:18.0.2] AndroidManifest.xml:28:9-32
20
21    <queries>
21-->[com.google.android.gms:play-services-maps:18.0.2] AndroidManifest.xml:30:5-34:15
22
23        <!-- Needs to be explicitly declared on Android R+ -->
24        <package android:name="com.google.android.apps.maps" />
24-->[com.google.android.gms:play-services-maps:18.0.2] AndroidManifest.xml:33:9-64
24-->[com.google.android.gms:play-services-maps:18.0.2] AndroidManifest.xml:33:18-61
25    </queries>
26
27    <uses-permission android:name="android.permission.CAMERA" /> <!-- Don't require camera, as this requires a rear camera. This allows it to work on the Nexus 7 -->
27-->[com.journeyapps:zxing-android-embedded:4.1.0] AndroidManifest.xml:22:5-65
27-->[com.journeyapps:zxing-android-embedded:4.1.0] AndroidManifest.xml:22:22-62
28    <uses-feature
28-->[com.journeyapps:zxing-android-embedded:4.1.0] AndroidManifest.xml:25:5-27:36
29        android:name="android.hardware.camera"
29-->[com.journeyapps:zxing-android-embedded:4.1.0] AndroidManifest.xml:26:9-47
30        android:required="false" />
30-->[com.journeyapps:zxing-android-embedded:4.1.0] AndroidManifest.xml:27:9-33
31    <uses-feature
31-->[com.journeyapps:zxing-android-embedded:4.1.0] AndroidManifest.xml:28:5-30:36
32        android:name="android.hardware.camera.front"
32-->[com.journeyapps:zxing-android-embedded:4.1.0] AndroidManifest.xml:29:9-53
33        android:required="false" /> <!-- TODO replace above two with next line after Android 4.2 -->
33-->[com.journeyapps:zxing-android-embedded:4.1.0] AndroidManifest.xml:30:9-33
34    <!-- <uses-feature android:name="android.hardware.camera.any"/> -->
35    <uses-feature
35-->[com.journeyapps:zxing-android-embedded:4.1.0] AndroidManifest.xml:33:5-35:36
36        android:name="android.hardware.camera.autofocus"
36-->[com.journeyapps:zxing-android-embedded:4.1.0] AndroidManifest.xml:34:9-57
37        android:required="false" />
37-->[com.journeyapps:zxing-android-embedded:4.1.0] AndroidManifest.xml:35:9-33
38    <uses-feature
38-->[com.journeyapps:zxing-android-embedded:4.1.0] AndroidManifest.xml:36:5-38:36
39        android:name="android.hardware.camera.flash"
39-->[com.journeyapps:zxing-android-embedded:4.1.0] AndroidManifest.xml:37:9-53
40        android:required="false" />
40-->[com.journeyapps:zxing-android-embedded:4.1.0] AndroidManifest.xml:38:9-33
41    <uses-feature
41-->[com.journeyapps:zxing-android-embedded:4.1.0] AndroidManifest.xml:39:5-41:36
42        android:name="android.hardware.screen.landscape"
42-->[com.journeyapps:zxing-android-embedded:4.1.0] AndroidManifest.xml:40:9-57
43        android:required="false" />
43-->[com.journeyapps:zxing-android-embedded:4.1.0] AndroidManifest.xml:41:9-33
44    <uses-feature
44-->[com.journeyapps:zxing-android-embedded:4.1.0] AndroidManifest.xml:42:5-44:36
45        android:name="android.hardware.wifi"
45-->[com.journeyapps:zxing-android-embedded:4.1.0] AndroidManifest.xml:43:9-45
46        android:required="false" />
46-->[com.journeyapps:zxing-android-embedded:4.1.0] AndroidManifest.xml:44:9-33
47
48    <application
48-->src\main\AndroidManifest.xml:10:5-89:19
49        android:name="com.example.proyectointegradoagg.listaCompra.Aplicacion"
49-->src\main\AndroidManifest.xml:11:9-47
50        android:allowBackup="true"
50-->src\main\AndroidManifest.xml:12:9-35
51        android:appComponentFactory="androidx.core.app.CoreComponentFactory"
51-->[androidx.core:core:1.7.0] AndroidManifest.xml:24:18-86
52        android:icon="@mipmap/ic_launcher"
52-->src\main\AndroidManifest.xml:13:9-43
53        android:label="@string/app_name"
53-->src\main\AndroidManifest.xml:14:9-41
54        android:requestLegacyExternalStorage="true"
54-->src\main\AndroidManifest.xml:15:9-52
55        android:roundIcon="@mipmap/ic_launcher_round"
55-->src\main\AndroidManifest.xml:16:9-54
56        android:supportsRtl="true"
56-->src\main\AndroidManifest.xml:17:9-35
57        android:theme="@style/Theme.ProyectoIntegradoAGG" >
57-->src\main\AndroidManifest.xml:18:9-58
58        <activity
58-->src\main\AndroidManifest.xml:19:9-22:65
59            android:name="com.example.proyectointegradoagg.juegos.tictactoe.TictactoeJuegoActivity"
59-->src\main\AndroidManifest.xml:20:13-68
60            android:exported="false"
60-->src\main\AndroidManifest.xml:21:13-37
61            android:theme="@style/Theme.AppCompat.NoActionBar" />
61-->src\main\AndroidManifest.xml:22:13-63
62        <activity
62-->src\main\AndroidManifest.xml:23:9-25:65
63            android:name="com.example.proyectointegradoagg.juegos.tictactoe.GameActivity"
63-->src\main\AndroidManifest.xml:23:19-64
64            android:exported="false"
64-->src\main\AndroidManifest.xml:24:13-37
65            android:theme="@style/Theme.AppCompat.NoActionBar" />
65-->src\main\AndroidManifest.xml:25:13-63
66        <activity
66-->src\main\AndroidManifest.xml:26:9-28:40
67            android:name="com.example.proyectointegradoagg.listaCompra.AddActivity"
67-->src\main\AndroidManifest.xml:27:13-52
68            android:exported="false" />
68-->src\main\AndroidManifest.xml:28:13-37
69        <activity
69-->src\main\AndroidManifest.xml:29:9-31:40
70            android:name="com.example.proyectointegradoagg.listaCompra.BaseDatosActivity"
70-->src\main\AndroidManifest.xml:30:13-58
71            android:exported="false" />
71-->src\main\AndroidManifest.xml:31:13-37
72        <activity
72-->src\main\AndroidManifest.xml:32:9-35:66
73            android:name="com.example.proyectointegradoagg.juegos.ahorcado.AhorcadoJuegoActivity"
73-->src\main\AndroidManifest.xml:33:13-66
74            android:exported="false"
74-->src\main\AndroidManifest.xml:34:13-37
75            android:theme="@style/Theme.AppCompat.NoActionBar" />
75-->src\main\AndroidManifest.xml:35:13-63
76        <activity
76-->src\main\AndroidManifest.xml:36:9-39:66
77            android:name="com.example.proyectointegradoagg.MenuInvitadoActivity"
77-->src\main\AndroidManifest.xml:37:13-49
78            android:exported="false"
78-->src\main\AndroidManifest.xml:38:13-37
79            android:theme="@style/Theme.AppCompat.NoActionBar" />
79-->src\main\AndroidManifest.xml:39:13-63
80        <activity
80-->src\main\AndroidManifest.xml:40:9-43:65
81            android:name="com.example.proyectointegradoagg.juegos.MenuJuegosActivity"
81-->src\main\AndroidManifest.xml:41:13-54
82            android:exported="false"
82-->src\main\AndroidManifest.xml:42:13-37
83            android:theme="@style/Theme.AppCompat.NoActionBar" />
83-->src\main\AndroidManifest.xml:43:13-63
84        <activity
84-->src\main\AndroidManifest.xml:44:9-46:40
85            android:name="com.example.proyectointegradoagg.reproductorMusica.PlayerActivity"
85-->src\main\AndroidManifest.xml:45:13-61
86            android:exported="false" />
86-->src\main\AndroidManifest.xml:46:13-37
87        <activity
87-->src\main\AndroidManifest.xml:47:9-49:40
88            android:name="com.example.proyectointegradoagg.reproductorMusica.ReproductorMusicaActivity"
88-->src\main\AndroidManifest.xml:48:13-72
89            android:exported="false" />
89-->src\main\AndroidManifest.xml:49:13-37
90        <activity
90-->src\main\AndroidManifest.xml:50:9-59:20
91            android:name="com.example.proyectointegradoagg.splashScreen.SplashActivity"
91-->src\main\AndroidManifest.xml:51:13-56
92            android:exported="true"
92-->src\main\AndroidManifest.xml:52:13-36
93            android:theme="@style/SplashThemes" >
93-->src\main\AndroidManifest.xml:53:13-48
94            <intent-filter>
94-->src\main\AndroidManifest.xml:54:13-58:29
95                <action android:name="android.intent.action.MAIN" />
95-->src\main\AndroidManifest.xml:55:17-69
95-->src\main\AndroidManifest.xml:55:25-66
96
97                <category android:name="android.intent.category.LAUNCHER" />
97-->src\main\AndroidManifest.xml:57:17-77
97-->src\main\AndroidManifest.xml:57:27-74
98            </intent-filter>
99        </activity>
100
101        <service android:name="com.example.proyectointegradoagg.reproductorMusica.MusicService" />
101-->src\main\AndroidManifest.xml:61:9-67
101-->src\main\AndroidManifest.xml:61:18-64
102
103        <activity
103-->src\main\AndroidManifest.xml:63:9-65:40
104            android:name="com.example.proyectointegradoagg.lectorQR.ScannerActivity"
104-->src\main\AndroidManifest.xml:64:13-53
105            android:exported="false" />
105-->src\main\AndroidManifest.xml:65:13-37
106        <activity
106-->src\main\AndroidManifest.xml:66:9-69:49
107            android:name="com.journeyapps.barcodescanner.CaptureActivity"
107-->src\main\AndroidManifest.xml:67:13-74
108            android:clearTaskOnLaunch="true"
108-->[com.journeyapps:zxing-android-embedded:4.1.0] AndroidManifest.xml:49:13-45
109            android:screenOrientation="portrait"
109-->src\main\AndroidManifest.xml:68:13-49
110            android:stateNotNeeded="true"
110-->[com.journeyapps:zxing-android-embedded:4.1.0] AndroidManifest.xml:51:13-42
111            android:theme="@style/zxing_CaptureTheme"
111-->[com.journeyapps:zxing-android-embedded:4.1.0] AndroidManifest.xml:52:13-54
112            android:windowSoftInputMode="stateAlwaysHidden" />
112-->[com.journeyapps:zxing-android-embedded:4.1.0] AndroidManifest.xml:53:13-60
113        <activity
113-->src\main\AndroidManifest.xml:70:9-73:66
114            android:name="com.example.proyectointegradoagg.MenuActivity"
114-->src\main\AndroidManifest.xml:71:13-41
115            android:exported="false"
115-->src\main\AndroidManifest.xml:72:13-37
116            android:theme="@style/Theme.AppCompat.NoActionBar" />
116-->src\main\AndroidManifest.xml:73:13-63
117        <activity
117-->src\main\AndroidManifest.xml:74:9-76:40
118            android:name="com.example.proyectointegradoagg.buscadorImagenes.PixabayActivity"
118-->src\main\AndroidManifest.xml:75:13-61
119            android:exported="false" />
119-->src\main\AndroidManifest.xml:76:13-37
120        <activity
120-->src\main\AndroidManifest.xml:77:9-79:39
121            android:name="com.example.proyectointegradoagg.MainActivity"
121-->src\main\AndroidManifest.xml:78:13-41
122            android:exported="true" />
122-->src\main\AndroidManifest.xml:79:13-36
123
124        <meta-data
124-->src\main\AndroidManifest.xml:81:9-83:55
125            android:name="com.google.android.geo.API_KEY"
125-->src\main\AndroidManifest.xml:82:13-58
126            android:value="@string/google_maps_key" />
126-->src\main\AndroidManifest.xml:83:13-52
127
128        <activity
128-->src\main\AndroidManifest.xml:85:9-88:66
129            android:name="com.example.proyectointegradoagg.maps.MapsActivity"
129-->src\main\AndroidManifest.xml:86:13-46
130            android:exported="false"
130-->src\main\AndroidManifest.xml:87:13-37
131            android:theme="@style/Theme.AppCompat.NoActionBar" />
131-->src\main\AndroidManifest.xml:88:13-63
132        <!-- Needs to be explicitly declared on P+ -->
133        <uses-library
133-->[com.google.android.gms:play-services-maps:18.0.2] AndroidManifest.xml:39:9-41:40
134            android:name="org.apache.http.legacy"
134-->[com.google.android.gms:play-services-maps:18.0.2] AndroidManifest.xml:40:13-50
135            android:required="false" />
135-->[com.google.android.gms:play-services-maps:18.0.2] AndroidManifest.xml:41:13-37
136
137        <service
137-->[com.google.firebase:firebase-auth-ktx:21.0.1] AndroidManifest.xml:8:9-14:19
138            android:name="com.google.firebase.components.ComponentDiscoveryService"
138-->[com.google.firebase:firebase-auth-ktx:21.0.1] AndroidManifest.xml:9:13-84
139            android:directBootAware="true"
139-->[com.google.firebase:firebase-common:20.0.0] AndroidManifest.xml:35:13-43
140            android:exported="false" >
140-->[com.google.firebase:firebase-auth-ktx:21.0.1] AndroidManifest.xml:10:13-37
141            <meta-data
141-->[com.google.firebase:firebase-auth-ktx:21.0.1] AndroidManifest.xml:11:13-13:85
142                android:name="com.google.firebase.components:com.google.firebase.auth.ktx.FirebaseAuthKtxRegistrar"
142-->[com.google.firebase:firebase-auth-ktx:21.0.1] AndroidManifest.xml:12:17-116
143                android:value="com.google.firebase.components.ComponentRegistrar" />
143-->[com.google.firebase:firebase-auth-ktx:21.0.1] AndroidManifest.xml:13:17-82
144            <meta-data
144-->[com.google.firebase:firebase-auth:21.0.1] AndroidManifest.xml:77:13-79:85
145                android:name="com.google.firebase.components:com.google.firebase.auth.FirebaseAuthRegistrar"
145-->[com.google.firebase:firebase-auth:21.0.1] AndroidManifest.xml:78:17-109
146                android:value="com.google.firebase.components.ComponentRegistrar" />
146-->[com.google.firebase:firebase-auth:21.0.1] AndroidManifest.xml:79:17-82
147            <meta-data
147-->[com.google.firebase:firebase-common-ktx:20.0.0] AndroidManifest.xml:15:13-17:85
148                android:name="com.google.firebase.components:com.google.firebase.ktx.FirebaseCommonKtxRegistrar"
148-->[com.google.firebase:firebase-common-ktx:20.0.0] AndroidManifest.xml:16:17-113
149                android:value="com.google.firebase.components.ComponentRegistrar" />
149-->[com.google.firebase:firebase-common-ktx:20.0.0] AndroidManifest.xml:17:17-82
150        </service>
151
152        <activity
152-->[com.google.android.gms:play-services-auth:20.2.0] AndroidManifest.xml:23:9-27:75
153            android:name="com.google.android.gms.auth.api.signin.internal.SignInHubActivity"
153-->[com.google.android.gms:play-services-auth:20.2.0] AndroidManifest.xml:24:13-93
154            android:excludeFromRecents="true"
154-->[com.google.android.gms:play-services-auth:20.2.0] AndroidManifest.xml:25:13-46
155            android:exported="false"
155-->[com.google.android.gms:play-services-auth:20.2.0] AndroidManifest.xml:26:13-37
156            android:theme="@android:style/Theme.Translucent.NoTitleBar" />
156-->[com.google.android.gms:play-services-auth:20.2.0] AndroidManifest.xml:27:13-72
157        <!--
158            Service handling Google Sign-In user revocation. For apps that do not integrate with
159            Google Sign-In, this service will never be started.
160        -->
161        <service
161-->[com.google.android.gms:play-services-auth:20.2.0] AndroidManifest.xml:33:9-37:51
162            android:name="com.google.android.gms.auth.api.signin.RevocationBoundService"
162-->[com.google.android.gms:play-services-auth:20.2.0] AndroidManifest.xml:34:13-89
163            android:exported="true"
163-->[com.google.android.gms:play-services-auth:20.2.0] AndroidManifest.xml:35:13-36
164            android:permission="com.google.android.gms.auth.api.signin.permission.REVOCATION_NOTIFICATION"
164-->[com.google.android.gms:play-services-auth:20.2.0] AndroidManifest.xml:36:13-107
165            android:visibleToInstantApps="true" />
165-->[com.google.android.gms:play-services-auth:20.2.0] AndroidManifest.xml:37:13-48
166
167        <activity
167-->[com.google.firebase:firebase-auth:21.0.1] AndroidManifest.xml:27:9-44:20
168            android:name="com.google.firebase.auth.internal.GenericIdpActivity"
168-->[com.google.firebase:firebase-auth:21.0.1] AndroidManifest.xml:28:13-80
169            android:excludeFromRecents="true"
169-->[com.google.firebase:firebase-auth:21.0.1] AndroidManifest.xml:29:13-46
170            android:exported="true"
170-->[com.google.firebase:firebase-auth:21.0.1] AndroidManifest.xml:30:13-36
171            android:launchMode="singleTask"
171-->[com.google.firebase:firebase-auth:21.0.1] AndroidManifest.xml:31:13-44
172            android:theme="@android:style/Theme.Translucent.NoTitleBar" >
172-->[com.google.firebase:firebase-auth:21.0.1] AndroidManifest.xml:32:13-72
173            <intent-filter>
173-->[com.google.firebase:firebase-auth:21.0.1] AndroidManifest.xml:33:13-43:29
174                <action android:name="android.intent.action.VIEW" />
174-->[com.google.firebase:firebase-auth:21.0.1] AndroidManifest.xml:34:17-69
174-->[com.google.firebase:firebase-auth:21.0.1] AndroidManifest.xml:34:25-66
175
176                <category android:name="android.intent.category.DEFAULT" />
176-->[com.google.firebase:firebase-auth:21.0.1] AndroidManifest.xml:36:17-76
176-->[com.google.firebase:firebase-auth:21.0.1] AndroidManifest.xml:36:27-73
177                <category android:name="android.intent.category.BROWSABLE" />
177-->[com.google.firebase:firebase-auth:21.0.1] AndroidManifest.xml:37:17-78
177-->[com.google.firebase:firebase-auth:21.0.1] AndroidManifest.xml:37:27-75
178
179                <data
179-->[com.google.firebase:firebase-auth:21.0.1] AndroidManifest.xml:39:17-42:51
180                    android:host="firebase.auth"
180-->[com.google.firebase:firebase-auth:21.0.1] AndroidManifest.xml:40:21-49
181                    android:path="/"
181-->[com.google.firebase:firebase-auth:21.0.1] AndroidManifest.xml:41:21-37
182                    android:scheme="genericidp" />
182-->[com.google.firebase:firebase-auth:21.0.1] AndroidManifest.xml:42:21-48
183            </intent-filter>
184        </activity>
185        <activity
185-->[com.google.firebase:firebase-auth:21.0.1] AndroidManifest.xml:45:9-62:20
186            android:name="com.google.firebase.auth.internal.RecaptchaActivity"
186-->[com.google.firebase:firebase-auth:21.0.1] AndroidManifest.xml:46:13-79
187            android:excludeFromRecents="true"
187-->[com.google.firebase:firebase-auth:21.0.1] AndroidManifest.xml:47:13-46
188            android:exported="true"
188-->[com.google.firebase:firebase-auth:21.0.1] AndroidManifest.xml:48:13-36
189            android:launchMode="singleTask"
189-->[com.google.firebase:firebase-auth:21.0.1] AndroidManifest.xml:49:13-44
190            android:theme="@android:style/Theme.Translucent.NoTitleBar" >
190-->[com.google.firebase:firebase-auth:21.0.1] AndroidManifest.xml:50:13-72
191            <intent-filter>
191-->[com.google.firebase:firebase-auth:21.0.1] AndroidManifest.xml:51:13-61:29
192                <action android:name="android.intent.action.VIEW" />
192-->[com.google.firebase:firebase-auth:21.0.1] AndroidManifest.xml:34:17-69
192-->[com.google.firebase:firebase-auth:21.0.1] AndroidManifest.xml:34:25-66
193
194                <category android:name="android.intent.category.DEFAULT" />
194-->[com.google.firebase:firebase-auth:21.0.1] AndroidManifest.xml:36:17-76
194-->[com.google.firebase:firebase-auth:21.0.1] AndroidManifest.xml:36:27-73
195                <category android:name="android.intent.category.BROWSABLE" />
195-->[com.google.firebase:firebase-auth:21.0.1] AndroidManifest.xml:37:17-78
195-->[com.google.firebase:firebase-auth:21.0.1] AndroidManifest.xml:37:27-75
196
197                <data
197-->[com.google.firebase:firebase-auth:21.0.1] AndroidManifest.xml:39:17-42:51
198                    android:host="firebase.auth"
198-->[com.google.firebase:firebase-auth:21.0.1] AndroidManifest.xml:40:21-49
199                    android:path="/"
199-->[com.google.firebase:firebase-auth:21.0.1] AndroidManifest.xml:41:21-37
200                    android:scheme="recaptcha" />
200-->[com.google.firebase:firebase-auth:21.0.1] AndroidManifest.xml:42:21-48
201            </intent-filter>
202        </activity>
203
204        <service
204-->[com.google.firebase:firebase-auth:21.0.1] AndroidManifest.xml:64:9-73:19
205            android:name="com.google.firebase.auth.api.fallback.service.FirebaseAuthFallbackService"
205-->[com.google.firebase:firebase-auth:21.0.1] AndroidManifest.xml:65:13-101
206            android:enabled="true"
206-->[com.google.firebase:firebase-auth:21.0.1] AndroidManifest.xml:66:13-35
207            android:exported="false" >
207-->[com.google.firebase:firebase-auth:21.0.1] AndroidManifest.xml:67:13-37
208            <intent-filter>
208-->[com.google.firebase:firebase-auth:21.0.1] AndroidManifest.xml:68:13-72:29
209                <action android:name="com.google.firebase.auth.api.gms.service.START" />
209-->[com.google.firebase:firebase-auth:21.0.1] AndroidManifest.xml:69:17-89
209-->[com.google.firebase:firebase-auth:21.0.1] AndroidManifest.xml:69:25-86
210
211                <category android:name="android.intent.category.DEFAULT" />
211-->[com.google.firebase:firebase-auth:21.0.1] AndroidManifest.xml:36:17-76
211-->[com.google.firebase:firebase-auth:21.0.1] AndroidManifest.xml:36:27-73
212            </intent-filter>
213        </service>
214
215        <activity
215-->[com.google.android.gms:play-services-base:18.0.1] AndroidManifest.xml:20:9-22:45
216            android:name="com.google.android.gms.common.api.GoogleApiActivity"
216-->[com.google.android.gms:play-services-base:18.0.1] AndroidManifest.xml:20:19-85
217            android:exported="false"
217-->[com.google.android.gms:play-services-base:18.0.1] AndroidManifest.xml:22:19-43
218            android:theme="@android:style/Theme.Translucent.NoTitleBar" />
218-->[com.google.android.gms:play-services-base:18.0.1] AndroidManifest.xml:21:19-78
219
220        <provider
220-->[com.squareup.picasso:picasso:2.71828] AndroidManifest.xml:8:9-11:40
221            android:name="com.squareup.picasso.PicassoProvider"
221-->[com.squareup.picasso:picasso:2.71828] AndroidManifest.xml:9:13-64
222            android:authorities="com.example.proyectointegradoagg.com.squareup.picasso"
222-->[com.squareup.picasso:picasso:2.71828] AndroidManifest.xml:10:13-72
223            android:exported="false" />
223-->[com.squareup.picasso:picasso:2.71828] AndroidManifest.xml:11:13-37
224        <provider
224-->[com.google.firebase:firebase-common:20.0.0] AndroidManifest.xml:26:9-31:39
225            android:name="com.google.firebase.provider.FirebaseInitProvider"
225-->[com.google.firebase:firebase-common:20.0.0] AndroidManifest.xml:27:13-77
226            android:authorities="com.example.proyectointegradoagg.firebaseinitprovider"
226-->[com.google.firebase:firebase-common:20.0.0] AndroidManifest.xml:28:13-72
227            android:directBootAware="true"
227-->[com.google.firebase:firebase-common:20.0.0] AndroidManifest.xml:29:13-43
228            android:exported="false"
228-->[com.google.firebase:firebase-common:20.0.0] AndroidManifest.xml:30:13-37
229            android:initOrder="100" />
229-->[com.google.firebase:firebase-common:20.0.0] AndroidManifest.xml:31:13-36
230
231        <meta-data
231-->[com.google.android.gms:play-services-basement:18.0.0] AndroidManifest.xml:21:9-23:69
232            android:name="com.google.android.gms.version"
232-->[com.google.android.gms:play-services-basement:18.0.0] AndroidManifest.xml:22:13-58
233            android:value="@integer/google_play_services_version" />
233-->[com.google.android.gms:play-services-basement:18.0.0] AndroidManifest.xml:23:13-66
234
235        <provider
235-->[androidx.emoji2:emoji2:1.0.0] AndroidManifest.xml:26:9-34:20
236            android:name="androidx.startup.InitializationProvider"
236-->[androidx.emoji2:emoji2:1.0.0] AndroidManifest.xml:27:13-67
237            android:authorities="com.example.proyectointegradoagg.androidx-startup"
237-->[androidx.emoji2:emoji2:1.0.0] AndroidManifest.xml:28:13-68
238            android:exported="false" >
238-->[androidx.emoji2:emoji2:1.0.0] AndroidManifest.xml:29:13-37
239            <meta-data
239-->[androidx.emoji2:emoji2:1.0.0] AndroidManifest.xml:31:13-33:52
240                android:name="androidx.emoji2.text.EmojiCompatInitializer"
240-->[androidx.emoji2:emoji2:1.0.0] AndroidManifest.xml:32:17-75
241                android:value="androidx.startup" />
241-->[androidx.emoji2:emoji2:1.0.0] AndroidManifest.xml:33:17-49
242            <meta-data
242-->[androidx.lifecycle:lifecycle-process:2.4.0] AndroidManifest.xml:31:13-33:52
243                android:name="androidx.lifecycle.ProcessLifecycleInitializer"
243-->[androidx.lifecycle:lifecycle-process:2.4.0] AndroidManifest.xml:32:17-78
244                android:value="androidx.startup" />
244-->[androidx.lifecycle:lifecycle-process:2.4.0] AndroidManifest.xml:33:17-49
245        </provider>
246    </application>
247
248</manifest>